# JRE version: OpenJDK Runtime Environment (8.0_76-b03) (build 1.8.0_76-release-b03)
# Java VM: OpenJDK 64-Bit Server VM (25.76-b03 mixed mode windows-amd64 compressed oops)
Heap:
 PSYoungGen      total 441344K, used 90650K [0x00000000e0000000, 0x00000000ffe00000, 0x0000000100000000)
  eden space 362496K, 25% used [0x00000000e0000000,0x00000000e5886a60,0x00000000f6200000)
  from space 78848K, 0% used [0x00000000fb100000,0x00000000fb100000,0x00000000ffe00000)
  to   space 79872K, 0% used [0x00000000f6200000,0x00000000f6200000,0x00000000fb000000)
 ParOldGen       total 188416K, used 70782K [0x00000000a0000000, 0x00000000ab800000, 0x00000000e0000000)
  object space 188416K, 37% used [0x00000000a0000000,0x00000000a451faf8,0x00000000ab800000)
 Metaspace       used 74766K, capacity 78904K, committed 79152K, reserved 1118208K
  class space    used 9618K, capacity 10468K, committed 10544K, reserved 1048576K
GC Heap History (10 events):
Event: 1418.031 GC heap before
{Heap before GC invocations=43 (full 8):
 PSYoungGen      total 429056K, used 405340K [0x00000000e0000000, 0x0000000100000000, 0x0000000100000000)
  eden space 345088K, 100% used [0x00000000e0000000,0x00000000f5100000,0x00000000f5100000)
  from space 83968K, 71% used [0x00000000fa980000,0x00000000fe457398,0x00000000ffb80000)
  to   space 89600K, 0% used [0x00000000f5100000,0x00000000f5100000,0x00000000fa880000)
 ParOldGen       total 188416K, used 72589K [0x00000000a0000000, 0x00000000ab800000, 0x00000000e0000000)
  object space 188416K, 38% used [0x00000000a0000000,0x00000000a46e36e0,0x00000000ab800000)
 Metaspace       used 74614K, capacity 78752K, committed 78896K, reserved 1118208K
  class space    used 9610K, capacity 10460K, committed 10544K, reserved 1048576K
Event: 1418.221 GC heap after
Heap after GC invocations=43 (full 8):
 PSYoungGen      total 434688K, used 22727K [0x00000000e0000000, 0x00000000ffd80000, 0x0000000100000000)
  eden space 345088K, 0% used [0x00000000e0000000,0x00000000e0000000,0x00000000f5100000)
  from space 89600K, 25% used [0x00000000f5100000,0x00000000f6731c78,0x00000000fa880000)
  to   space 85504K, 0% used [0x00000000faa00000,0x00000000faa00000,0x00000000ffd80000)
 ParOldGen       total 188416K, used 81267K [0x00000000a0000000, 0x00000000ab800000, 0x00000000e0000000)
  object space 188416K, 43% used [0x00000000a0000000,0x00000000a4f5cd28,0x00000000ab800000)
 Metaspace       used 74614K, capacity 78752K, committed 78896K, reserved 1118208K
  class space    used 9610K, capacity 10460K, committed 10544K, reserved 1048576K
}
Event: 1420.657 GC heap before
{Heap before GC invocations=44 (full 8):
 PSYoungGen      total 434688K, used 367814K [0x00000000e0000000, 0x00000000ffd80000, 0x0000000100000000)
  eden space 345088K, 99% used [0x00000000e0000000,0x00000000f50ffe18,0x00000000f5100000)
  from space 89600K, 25% used [0x00000000f5100000,0x00000000f6731c78,0x00000000fa880000)
  to   space 85504K, 0% used [0x00000000faa00000,0x00000000faa00000,0x00000000ffd80000)
 ParOldGen       total 188416K, used 81267K [0x00000000a0000000, 0x00000000ab800000, 0x00000000e0000000)
  object space 188416K, 43% used [0x00000000a0000000,0x00000000a4f5cd28,0x00000000ab800000)
 Metaspace       used 74627K, capacity 78752K, committed 78896K, reserved 1118208K
  class space    used 9610K, capacity 10460K, committed 10544K, reserved 1048576K
Event: 1420.784 GC heap after
Heap after GC invocations=44 (full 8):
 PSYoungGen      total 428032K, used 16513K [0x00000000e0000000, 0x00000000ff700000, 0x0000000100000000)
  eden space 349184K, 0% used [0x00000000e0000000,0x00000000e0000000,0x00000000f5500000)
  from space 78848K, 20% used [0x00000000faa00000,0x00000000fba205f8,0x00000000ff700000)
  to   space 82944K, 0% used [0x00000000f5500000,0x00000000f5500000,0x00000000fa600000)
 ParOldGen       total 188416K, used 85940K [0x00000000a0000000, 0x00000000ab800000, 0x00000000e0000000)
  object space 188416K, 45% used [0x00000000a0000000,0x00000000a53ed110,0x00000000ab800000)
 Metaspace       used 74627K, capacity 78752K, committed 78896K, reserved 1118208K
  class space    used 9610K, capacity 10460K, committed 10544K, reserved 1048576K
}
Event: 1423.297 GC heap before
{Heap before GC invocations=45 (full 8):
 PSYoungGen      total 428032K, used 363238K [0x00000000e0000000, 0x00000000ff700000, 0x0000000100000000)
  eden space 349184K, 99% used [0x00000000e0000000,0x00000000f5299368,0x00000000f5500000)
  from space 78848K, 20% used [0x00000000faa00000,0x00000000fba205f8,0x00000000ff700000)
  to   space 82944K, 0% used [0x00000000f5500000,0x00000000f5500000,0x00000000fa600000)
 ParOldGen       total 188416K, used 85940K [0x00000000a0000000, 0x00000000ab800000, 0x00000000e0000000)
  object space 188416K, 45% used [0x00000000a0000000,0x00000000a53ed110,0x00000000ab800000)
 Metaspace       used 74661K, capacity 78816K, committed 79152K, reserved 1118208K
  class space    used 9610K, capacity 10460K, committed 10544K, reserved 1048576K
Event: 1423.382 GC heap after
Heap after GC invocations=45 (full 8):
 PSYoungGen      total 432128K, used 8634K [0x00000000e0000000, 0x0000000100000000, 0x0000000100000000)
  eden space 349184K, 0% used [0x00000000e0000000,0x00000000e0000000,0x00000000f5500000)
  from space 82944K, 10% used [0x00000000f5500000,0x00000000f5d6eb50,0x00000000fa600000)
  to   space 80896K, 0% used [0x00000000fb100000,0x00000000fb100000,0x0000000100000000)
 ParOldGen       total 188416K, used 90080K [0x00000000a0000000, 0x00000000ab800000, 0x00000000e0000000)
  object space 188416K, 47% used [0x00000000a0000000,0x00000000a57f8260,0x00000000ab800000)
 Metaspace       used 74661K, capacity 78816K, committed 79152K, reserved 1118208K
  class space    used 9610K, capacity 10460K, committed 10544K, reserved 1048576K
}
Event: 1424.451 GC heap before
{Heap before GC invocations=46 (full 8):
 PSYoungGen      total 432128K, used 240648K [0x00000000e0000000, 0x0000000100000000, 0x0000000100000000)
  eden space 349184K, 66% used [0x00000000e0000000,0x00000000ee2936c8,0x00000000f5500000)
  from space 82944K, 10% used [0x00000000f5500000,0x00000000f5d6eb50,0x00000000fa600000)
  to   space 80896K, 0% used [0x00000000fb100000,0x00000000fb100000,0x0000000100000000)
 ParOldGen       total 188416K, used 90080K [0x00000000a0000000, 0x00000000ab800000, 0x00000000e0000000)
  object space 188416K, 47% used [0x00000000a0000000,0x00000000a57f8260,0x00000000ab800000)
 Metaspace       used 74689K, capacity 78816K, committed 79152K, reserved 1118208K
  class space    used 9610K, capacity 10460K, committed 10544K, reserved 1048576K
Event: 1424.501 GC heap after
Heap after GC invocations=46 (full 8):
 PSYoungGen      total 441344K, used 2956K [0x00000000e0000000, 0x00000000ffe00000, 0x0000000100000000)
  eden space 362496K, 0% used [0x00000000e0000000,0x00000000e0000000,0x00000000f6200000)
  from space 78848K, 3% used [0x00000000fb100000,0x00000000fb3e3288,0x00000000ffe00000)
  to   space 79872K, 0% used [0x00000000f6200000,0x00000000f6200000,0x00000000fb000000)
 ParOldGen       total 188416K, used 92258K [0x00000000a0000000, 0x00000000ab800000, 0x00000000e0000000)
  object space 188416K, 48% used [0x00000000a0000000,0x00000000a5a189d8,0x00000000ab800000)
 Metaspace       used 74689K, capacity 78816K, committed 79152K, reserved 1118208K
  class space    used 9610K, capacity 10460K, committed 10544K, reserved 1048576K
}
Event: 1424.501 GC heap before
{Heap before GC invocations=47 (full 9):
 PSYoungGen      total 441344K, used 2956K [0x00000000e0000000, 0x00000000ffe00000, 0x0000000100000000)
  eden space 362496K, 0% used [0x00000000e0000000,0x00000000e0000000,0x00000000f6200000)
  from space 78848K, 3% used [0x00000000fb100000,0x00000000fb3e3288,0x00000000ffe00000)
  to   space 79872K, 0% used [0x00000000f6200000,0x00000000f6200000,0x00000000fb000000)
 ParOldGen       total 188416K, used 92258K [0x00000000a0000000, 0x00000000ab800000, 0x00000000e0000000)
  object space 188416K, 48% used [0x00000000a0000000,0x00000000a5a189d8,0x00000000ab800000)
 Metaspace       used 74689K, capacity 78816K, committed 79152K, reserved 1118208K
  class space    used 9610K, capacity 10460K, committed 10544K, reserved 1048576K
Event: 1424.871 GC heap after
Heap after GC invocations=47 (full 9):
 PSYoungGen      total 441344K, used 0K [0x00000000e0000000, 0x00000000ffe00000, 0x0000000100000000)
  eden space 362496K, 0% used [0x00000000e0000000,0x00000000e0000000,0x00000000f6200000)
  from space 78848K, 0% used [0x00000000fb100000,0x00000000fb100000,0x00000000ffe00000)
  to   space 79872K, 0% used [0x00000000f6200000,0x00000000f6200000,0x00000000fb000000)
 ParOldGen       total 188416K, used 70782K [0x00000000a0000000, 0x00000000ab800000, 0x00000000e0000000)
  object space 188416K, 37% used [0x00000000a0000000,0x00000000a451faf8,0x00000000ab800000)
 Metaspace       used 74689K, capacity 78816K, committed 79152K, reserved 1118208K
  class space    used 9610K, capacity 10460K, committed 10544K, reserved 1048576K
}

